[  227146ms] [ERROR] ./src/app/layout.tsx:4:1
Module not found: Can't resolve 'next-themes'
  2 | import { Inter } from "next/font/google";
  3 | import "./globals.css";
> 4 | import { ThemeProvider } from "next-themes";
    | ^
  5 | import { QueryProvider } from "@/components/query-provider";
  6 | import { SkipLink } from "@/components/skip-link";
  7 | import { ErrorBoundary } from "@/components/error-boundary";

https://nextjs.org/docs/messages/module-not-found @ webpack-internal:///(app-pages-browser)/./node_modules/next/dist/client/app-index.js:32
[  227966ms] [ERROR] ./src/app/layout.tsx:4:1
Module not found: Can't resolve 'next-themes'
  2 | import { Inter } from "next/font/google";
  3 | import "./globals.css";
> 4 | import { ThemeProvider } from "next-themes";
    | ^
  5 | import { QueryProvider } from "@/components/query-provider";
  6 | import { SkipLink } from "@/components/skip-link";
  7 | import { ErrorBoundary } from "@/components/error-boundary";

https://nextjs.org/docs/messages/module-not-found @ webpack-internal:///(app-pages-browser)/./node_modules/next/dist/client/app-index.js:32
[  228025ms] [ERROR] Failed to load resource: the server responded with a status of 500 (Internal Server Error) @ http://localhost:3200/staff/report?_rsc=dz3ut:0
[  228029ms] [ERROR] Failed to load resource: the server responded with a status of 500 (Internal Server Error) @ http://localhost:3200/staff/report?_rsc=dz3ut:0
[  228034ms] [ERROR] Failed to load resource: the server responded with a status of 500 (Internal Server Error) @ http://localhost:3200/staff/report?_rsc=dz3ut:0
[  228070ms] [ERROR] Failed to load resource: the server responded with a status of 500 (Internal Server Error) @ http://localhost:3200/staff/report:0
[  228232ms] Error: Module not found: Can't resolve 'next-themes'
  2 | import { Inter } from "next/font/google";
  3 | import "./globals.css";
> 4 | import { ThemeProvider } from "next-themes";
    | ^
  5 | import { QueryProvider } from "@/components/query-provider";
  6 | import { SkipLink } from "@/components/skip-link";
  7 | import { ErrorBoundary } from "@/components/error-boundary";

https://nextjs.org/docs/messages/module-not-found

    at <unknown> (https://nextjs.org/docs/messages/module-not-found)
    at getNotFoundError (file:///Users/ithena/Documents/CodeSpace/hackrva/frontend/node_modules/next/dist/build/webpack/plugins/wellknown-errors-plugin/parseNotFoundError.js:124:16)
    at async getModuleBuildError (file:///Users/ithena/Documents/CodeSpace/hackrva/frontend/node_modules/next/dist/build/webpack/plugins/wellknown-errors-plugin/webpackModuleError.js:104:27)
    at async (file:///Users/ithena/Documents/CodeSpace/hackrva/frontend/node_modules/next/dist/build/webpack/plugins/wellknown-errors-plugin/index.js:29:49)
    at async (file:///Users/ithena/Documents/CodeSpace/hackrva/frontend/node_modules/next/dist/build/webpack/plugins/wellknown-errors-plugin/index.js:27:21)
[  228233ms] [ERROR] ./src/app/layout.tsx:4:1
Module not found: Can't resolve 'next-themes'
  2 | import { Inter } from "next/font/google";
  3 | import "./globals.css";
> 4 | import { ThemeProvider } from "next-themes";
    | ^
  5 | import { QueryProvider } from "@/components/query-provider";
  6 | import { SkipLink } from "@/components/skip-link";
  7 | import { ErrorBoundary } from "@/components/error-boundary";

https://nextjs.org/docs/messages/module-not-found @ webpack-internal:///./node_modules/next/dist/client/components/react-dev-overlay/internal/helpers/hydration-error-info.js:62
[  232470ms] [ERROR] Failed to load resource: the server responded with a status of 500 (Internal Server Error) @ http://localhost:3200/staff/report:0
[  232558ms] Error: Module not found: Can't resolve 'next-themes'
  2 | import { Inter } from "next/font/google";
  3 | import "./globals.css";
> 4 | import { ThemeProvider } from "next-themes";
    | ^
  5 | import { QueryProvider } from "@/components/query-provider";
  6 | import { SkipLink } from "@/components/skip-link";
  7 | import { ErrorBoundary } from "@/components/error-boundary";

https://nextjs.org/docs/messages/module-not-found

    at <unknown> (https://nextjs.org/docs/messages/module-not-found)
    at getNotFoundError (file:///Users/ithena/Documents/CodeSpace/hackrva/frontend/node_modules/next/dist/build/webpack/plugins/wellknown-errors-plugin/parseNotFoundError.js:124:16)
    at async getModuleBuildError (file:///Users/ithena/Documents/CodeSpace/hackrva/frontend/node_modules/next/dist/build/webpack/plugins/wellknown-errors-plugin/webpackModuleError.js:104:27)
    at async (file:///Users/ithena/Documents/CodeSpace/hackrva/frontend/node_modules/next/dist/build/webpack/plugins/wellknown-errors-plugin/index.js:29:49)
    at async (file:///Users/ithena/Documents/CodeSpace/hackrva/frontend/node_modules/next/dist/build/webpack/plugins/wellknown-errors-plugin/index.js:27:21)
[  232559ms] [ERROR] ./src/app/layout.tsx:4:1
Module not found: Can't resolve 'next-themes'
  2 | import { Inter } from "next/font/google";
  3 | import "./globals.css";
> 4 | import { ThemeProvider } from "next-themes";
    | ^
  5 | import { QueryProvider } from "@/components/query-provider";
  6 | import { SkipLink } from "@/components/skip-link";
  7 | import { ErrorBoundary } from "@/components/error-boundary";

https://nextjs.org/docs/messages/module-not-found @ webpack-internal:///./node_modules/next/dist/client/components/react-dev-overlay/internal/helpers/hydration-error-info.js:62
[  232630ms] [ERROR] ./src/app/layout.tsx:4:1
Module not found: Can't resolve 'next-themes'
  2 | import { Inter } from "next/font/google";
  3 | import "./globals.css";
> 4 | import { ThemeProvider } from "next-themes";
    | ^
  5 | import { QueryProvider } from "@/components/query-provider";
  6 | import { SkipLink } from "@/components/skip-link";
  7 | import { ErrorBoundary } from "@/components/error-boundary";

https://nextjs.org/docs/messages/module-not-found @ webpack-internal:///./node_modules/next/dist/client/components/react-dev-overlay/internal/helpers/hydration-error-info.js:62
[  232736ms] [ERROR] ./src/app/layout.tsx:4:1
Module not found: Can't resolve 'next-themes'
  2 | import { Inter } from "next/font/google";
  3 | import "./globals.css";
> 4 | import { ThemeProvider } from "next-themes";
    | ^
  5 | import { QueryProvider } from "@/components/query-provider";
  6 | import { SkipLink } from "@/components/skip-link";
  7 | import { ErrorBoundary } from "@/components/error-boundary";

https://nextjs.org/docs/messages/module-not-found @ webpack-internal:///./node_modules/next/dist/client/components/react-dev-overlay/internal/helpers/hydration-error-info.js:62
[  232741ms] [ERROR] Failed to load resource: the server responded with a status of 500 (Internal Server Error) @ http://localhost:3200/_next/static/webpack/5d91898eef6f9d51.webpack.hot-update.json:0
[  232741ms] [WARNING] [Fast Refresh] performing full reload

Fast Refresh will perform a full reload when you edit a file that's imported by modules outside of the React rendering tree.
You might have a file which exports a React component but also exports a value that is imported by a non-React component file.
Consider migrating the non-React component export to a separate file and importing it into both files.

It is also possible the parent component of the component you edited is a class component, which disables Fast Refresh.
Fast Refresh requires at least one parent function component in your React tree. @ webpack-internal:///./node_modules/next/dist/client/components/react-dev-overlay/pages/hot-reloader-client.js:347
[  232742ms] [ERROR] Failed to load resource: the server responded with a status of 404 (Not Found) @ http://localhost:3200/favicon.ico:0
[  232773ms] [ERROR] Failed to load resource: the server responded with a status of 500 (Internal Server Error) @ http://localhost:3200/staff/report:0
[  232859ms] Error: Module not found: Can't resolve 'next-themes'
  2 | import { Inter } from "next/font/google";
  3 | import "./globals.css";
> 4 | import { ThemeProvider } from "next-themes";
    | ^
  5 | import { QueryProvider } from "@/components/query-provider";
  6 | import { SkipLink } from "@/components/skip-link";
  7 | import { ErrorBoundary } from "@/components/error-boundary";

https://nextjs.org/docs/messages/module-not-found

    at <unknown> (https://nextjs.org/docs/messages/module-not-found)
    at getNotFoundError (file:///Users/ithena/Documents/CodeSpace/hackrva/frontend/node_modules/next/dist/build/webpack/plugins/wellknown-errors-plugin/parseNotFoundError.js:124:16)
    at async getModuleBuildError (file:///Users/ithena/Documents/CodeSpace/hackrva/frontend/node_modules/next/dist/build/webpack/plugins/wellknown-errors-plugin/webpackModuleError.js:104:27)
    at async (file:///Users/ithena/Documents/CodeSpace/hackrva/frontend/node_modules/next/dist/build/webpack/plugins/wellknown-errors-plugin/index.js:29:49)
    at async (file:///Users/ithena/Documents/CodeSpace/hackrva/frontend/node_modules/next/dist/build/webpack/plugins/wellknown-errors-plugin/index.js:27:21)
[  232859ms] [ERROR] ./src/app/layout.tsx:4:1
Module not found: Can't resolve 'next-themes'
  2 | import { Inter } from "next/font/google";
  3 | import "./globals.css";
> 4 | import { ThemeProvider } from "next-themes";
    | ^
  5 | import { QueryProvider } from "@/components/query-provider";
  6 | import { SkipLink } from "@/components/skip-link";
  7 | import { ErrorBoundary } from "@/components/error-boundary";

https://nextjs.org/docs/messages/module-not-found @ webpack-internal:///./node_modules/next/dist/client/components/react-dev-overlay/internal/helpers/hydration-error-info.js:62
[  236135ms] [ERROR] Failed to load resource: the server responded with a status of 500 (Internal Server Error) @ http://localhost:3200/_next/static/webpack/5d91898eef6f9d51.webpack.hot-update.json:0
[  236135ms] [WARNING] [Fast Refresh] performing full reload

Fast Refresh will perform a full reload when you edit a file that's imported by modules outside of the React rendering tree.
You might have a file which exports a React component but also exports a value that is imported by a non-React component file.
Consider migrating the non-React component export to a separate file and importing it into both files.

It is also possible the parent component of the component you edited is a class component, which disables Fast Refresh.
Fast Refresh requires at least one parent function component in your React tree. @ webpack-internal:///./node_modules/next/dist/client/components/react-dev-overlay/pages/hot-reloader-client.js:347
[  236186ms] [ERROR] ./src/app/layout.tsx:4:1
Module not found: Can't resolve 'next-themes'
  2 | import { Inter } from "next/font/google";
  3 | import "./globals.css";
> 4 | import { ThemeProvider } from "next-themes";
    | ^
  5 | import { QueryProvider } from "@/components/query-provider";
  6 | import { SkipLink } from "@/components/skip-link";
  7 | import { ErrorBoundary } from "@/components/error-boundary";

https://nextjs.org/docs/messages/module-not-found @ webpack-internal:///./node_modules/next/dist/client/components/react-dev-overlay/internal/helpers/hydration-error-info.js:62
[  236358ms] [ERROR] ./src/app/layout.tsx:4:1
Module not found: Can't resolve 'next-themes'
  2 | import { Inter } from "next/font/google";
  3 | import "./globals.css";
> 4 | import { ThemeProvider } from "next-themes";
    | ^
  5 | import { QueryProvider } from "@/components/query-provider";
  6 | import { SkipLink } from "@/components/skip-link";
  7 | import { ErrorBoundary } from "@/components/error-boundary";

https://nextjs.org/docs/messages/module-not-found @ webpack-internal:///./node_modules/next/dist/client/components/react-dev-overlay/internal/helpers/hydration-error-info.js:62
[  236393ms] [ERROR] Failed to load resource: the server responded with a status of 500 (Internal Server Error) @ http://localhost:3200/staff/report:0
[  236478ms] Error: Module not found: Can't resolve 'next-themes'
  2 | import { Inter } from "next/font/google";
  3 | import "./globals.css";
> 4 | import { ThemeProvider } from "next-themes";
    | ^
  5 | import { QueryProvider } from "@/components/query-provider";
  6 | import { SkipLink } from "@/components/skip-link";
  7 | import { ErrorBoundary } from "@/components/error-boundary";

https://nextjs.org/docs/messages/module-not-found

    at <unknown> (https://nextjs.org/docs/messages/module-not-found)
    at getNotFoundError (file:///Users/ithena/Documents/CodeSpace/hackrva/frontend/node_modules/next/dist/build/webpack/plugins/wellknown-errors-plugin/parseNotFoundError.js:124:16)
    at async getModuleBuildError (file:///Users/ithena/Documents/CodeSpace/hackrva/frontend/node_modules/next/dist/build/webpack/plugins/wellknown-errors-plugin/webpackModuleError.js:104:27)
    at async (file:///Users/ithena/Documents/CodeSpace/hackrva/frontend/node_modules/next/dist/build/webpack/plugins/wellknown-errors-plugin/index.js:29:49)
    at async (file:///Users/ithena/Documents/CodeSpace/hackrva/frontend/node_modules/next/dist/build/webpack/plugins/wellknown-errors-plugin/index.js:27:21)
[  236479ms] [ERROR] ./src/app/layout.tsx:4:1
Module not found: Can't resolve 'next-themes'
  2 | import { Inter } from "next/font/google";
  3 | import "./globals.css";
> 4 | import { ThemeProvider } from "next-themes";
    | ^
  5 | import { QueryProvider } from "@/components/query-provider";
  6 | import { SkipLink } from "@/components/skip-link";
  7 | import { ErrorBoundary } from "@/components/error-boundary";

https://nextjs.org/docs/messages/module-not-found @ webpack-internal:///./node_modules/next/dist/client/components/react-dev-overlay/internal/helpers/hydration-error-info.js:62
[  241786ms] [ERROR] Failed to load resource: the server responded with a status of 500 (Internal Server Error) @ http://localhost:3200/_next/static/webpack/5d91898eef6f9d51.webpack.hot-update.json:0
[  241786ms] [WARNING] [Fast Refresh] performing full reload

Fast Refresh will perform a full reload when you edit a file that's imported by modules outside of the React rendering tree.
You might have a file which exports a React component but also exports a value that is imported by a non-React component file.
Consider migrating the non-React component export to a separate file and importing it into both files.

It is also possible the parent component of the component you edited is a class component, which disables Fast Refresh.
Fast Refresh requires at least one parent function component in your React tree. @ webpack-internal:///./node_modules/next/dist/client/components/react-dev-overlay/pages/hot-reloader-client.js:347
[  241841ms] [ERROR] ./src/app/layout.tsx:4:1
Module not found: Can't resolve 'next-themes'
  2 | import { Inter } from "next/font/google";
  3 | import "./globals.css";
> 4 | import { ThemeProvider } from "next-themes";
    | ^
  5 | import { QueryProvider } from "@/components/query-provider";
  6 | import { SkipLink } from "@/components/skip-link";
  7 | import { ErrorBoundary } from "@/components/error-boundary";

https://nextjs.org/docs/messages/module-not-found @ webpack-internal:///./node_modules/next/dist/client/components/react-dev-overlay/internal/helpers/hydration-error-info.js:62
[  241966ms] [ERROR] ./src/app/layout.tsx:4:1
Module not found: Can't resolve 'next-themes'
  2 | import { Inter } from "next/font/google";
  3 | import "./globals.css";
> 4 | import { ThemeProvider } from "next-themes";
    | ^
  5 | import { QueryProvider } from "@/components/query-provider";
  6 | import { SkipLink } from "@/components/skip-link";
  7 | import { ErrorBoundary } from "@/components/error-boundary";

https://nextjs.org/docs/messages/module-not-found @ webpack-internal:///./node_modules/next/dist/client/components/react-dev-overlay/internal/helpers/hydration-error-info.js:62
[  241999ms] [ERROR] Failed to load resource: the server responded with a status of 500 (Internal Server Error) @ http://localhost:3200/staff/report:0
[  242088ms] Error: Module not found: Can't resolve 'next-themes'
  2 | import { Inter } from "next/font/google";
  3 | import "./globals.css";
> 4 | import { ThemeProvider } from "next-themes";
    | ^
  5 | import { QueryProvider } from "@/components/query-provider";
  6 | import { SkipLink } from "@/components/skip-link";
  7 | import { ErrorBoundary } from "@/components/error-boundary";

https://nextjs.org/docs/messages/module-not-found

    at <unknown> (https://nextjs.org/docs/messages/module-not-found)
    at getNotFoundError (file:///Users/ithena/Documents/CodeSpace/hackrva/frontend/node_modules/next/dist/build/webpack/plugins/wellknown-errors-plugin/parseNotFoundError.js:124:16)
    at async getModuleBuildError (file:///Users/ithena/Documents/CodeSpace/hackrva/frontend/node_modules/next/dist/build/webpack/plugins/wellknown-errors-plugin/webpackModuleError.js:104:27)
    at async (file:///Users/ithena/Documents/CodeSpace/hackrva/frontend/node_modules/next/dist/build/webpack/plugins/wellknown-errors-plugin/index.js:29:49)
    at async (file:///Users/ithena/Documents/CodeSpace/hackrva/frontend/node_modules/next/dist/build/webpack/plugins/wellknown-errors-plugin/index.js:27:21)
[  242089ms] [ERROR] ./src/app/layout.tsx:4:1
Module not found: Can't resolve 'next-themes'
  2 | import { Inter } from "next/font/google";
  3 | import "./globals.css";
> 4 | import { ThemeProvider } from "next-themes";
    | ^
  5 | import { QueryProvider } from "@/components/query-provider";
  6 | import { SkipLink } from "@/components/skip-link";
  7 | import { ErrorBoundary } from "@/components/error-boundary";

https://nextjs.org/docs/messages/module-not-found @ webpack-internal:///./node_modules/next/dist/client/components/react-dev-overlay/internal/helpers/hydration-error-info.js:62
[  247453ms] [ERROR] Failed to load resource: the server responded with a status of 500 (Internal Server Error) @ http://localhost:3200/_next/static/webpack/5d91898eef6f9d51.webpack.hot-update.json:0
[  247453ms] [WARNING] [Fast Refresh] performing full reload

Fast Refresh will perform a full reload when you edit a file that's imported by modules outside of the React rendering tree.
You might have a file which exports a React component but also exports a value that is imported by a non-React component file.
Consider migrating the non-React component export to a separate file and importing it into both files.

It is also possible the parent component of the component you edited is a class component, which disables Fast Refresh.
Fast Refresh requires at least one parent function component in your React tree. @ webpack-internal:///./node_modules/next/dist/client/components/react-dev-overlay/pages/hot-reloader-client.js:347
[  247529ms] [ERROR] ./src/app/layout.tsx:4:1
Module not found: Can't resolve 'next-themes'
  2 | import { Inter } from "next/font/google";
  3 | import "./globals.css";
> 4 | import { ThemeProvider } from "next-themes";
    | ^
  5 | import { QueryProvider } from "@/components/query-provider";
  6 | import { SkipLink } from "@/components/skip-link";
  7 | import { ErrorBoundary } from "@/components/error-boundary";

https://nextjs.org/docs/messages/module-not-found @ webpack-internal:///./node_modules/next/dist/client/components/react-dev-overlay/internal/helpers/hydration-error-info.js:62
[  247693ms] [ERROR] ./src/app/layout.tsx:4:1
Module not found: Can't resolve 'next-themes'
  2 | import { Inter } from "next/font/google";
  3 | import "./globals.css";
> 4 | import { ThemeProvider } from "next-themes";
    | ^
  5 | import { QueryProvider } from "@/components/query-provider";
  6 | import { SkipLink } from "@/components/skip-link";
  7 | import { ErrorBoundary } from "@/components/error-boundary";

https://nextjs.org/docs/messages/module-not-found @ webpack-internal:///./node_modules/next/dist/client/components/react-dev-overlay/internal/helpers/hydration-error-info.js:62
[  247731ms] [ERROR] Failed to load resource: the server responded with a status of 500 (Internal Server Error) @ http://localhost:3200/staff/report:0
[  247816ms] Error: Module not found: Can't resolve 'next-themes'
  2 | import { Inter } from "next/font/google";
  3 | import "./globals.css";
> 4 | import { ThemeProvider } from "next-themes";
    | ^
  5 | import { QueryProvider } from "@/components/query-provider";
  6 | import { SkipLink } from "@/components/skip-link";
  7 | import { ErrorBoundary } from "@/components/error-boundary";

https://nextjs.org/docs/messages/module-not-found

    at <unknown> (https://nextjs.org/docs/messages/module-not-found)
    at getNotFoundError (file:///Users/ithena/Documents/CodeSpace/hackrva/frontend/node_modules/next/dist/build/webpack/plugins/wellknown-errors-plugin/parseNotFoundError.js:124:16)
    at async getModuleBuildError (file:///Users/ithena/Documents/CodeSpace/hackrva/frontend/node_modules/next/dist/build/webpack/plugins/wellknown-errors-plugin/webpackModuleError.js:104:27)
    at async (file:///Users/ithena/Documents/CodeSpace/hackrva/frontend/node_modules/next/dist/build/webpack/plugins/wellknown-errors-plugin/index.js:29:49)
    at async (file:///Users/ithena/Documents/CodeSpace/hackrva/frontend/node_modules/next/dist/build/webpack/plugins/wellknown-errors-plugin/index.js:27:21)
[  247817ms] [ERROR] ./src/app/layout.tsx:4:1
Module not found: Can't resolve 'next-themes'
  2 | import { Inter } from "next/font/google";
  3 | import "./globals.css";
> 4 | import { ThemeProvider } from "next-themes";
    | ^
  5 | import { QueryProvider } from "@/components/query-provider";
  6 | import { SkipLink } from "@/components/skip-link";
  7 | import { ErrorBoundary } from "@/components/error-boundary";

https://nextjs.org/docs/messages/module-not-found @ webpack-internal:///./node_modules/next/dist/client/components/react-dev-overlay/internal/helpers/hydration-error-info.js:62
[  255719ms] [ERROR] Failed to load resource: the server responded with a status of 500 (Internal Server Error) @ http://localhost:3200/_next/static/webpack/5d91898eef6f9d51.webpack.hot-update.json:0
[  255719ms] [WARNING] [Fast Refresh] performing full reload

Fast Refresh will perform a full reload when you edit a file that's imported by modules outside of the React rendering tree.
You might have a file which exports a React component but also exports a value that is imported by a non-React component file.
Consider migrating the non-React component export to a separate file and importing it into both files.

It is also possible the parent component of the component you edited is a class component, which disables Fast Refresh.
Fast Refresh requires at least one parent function component in your React tree. @ webpack-internal:///./node_modules/next/dist/client/components/react-dev-overlay/pages/hot-reloader-client.js:347
[  255866ms] [ERROR] ./src/app/layout.tsx:4:1
Module not found: Can't resolve 'next-themes'
  2 | import { Inter } from "next/font/google";
  3 | import "./globals.css";
> 4 | import { ThemeProvider } from "next-themes";
    | ^
  5 | import { QueryProvider } from "@/components/query-provider";
  6 | import { SkipLink } from "@/components/skip-link";
  7 | import { ErrorBoundary } from "@/components/error-boundary";

https://nextjs.org/docs/messages/module-not-found @ webpack-internal:///./node_modules/next/dist/client/components/react-dev-overlay/internal/helpers/hydration-error-info.js:62
[  255963ms] [ERROR] Failed to load resource: the server responded with a status of 500 (Internal Server Error) @ http://localhost:3200/staff/report:0
[  256049ms] Error: Module not found: Can't resolve 'next-themes'
  2 | import { Inter } from "next/font/google";
  3 | import "./globals.css";
> 4 | import { ThemeProvider } from "next-themes";
    | ^
  5 | import { QueryProvider } from "@/components/query-provider";
  6 | import { SkipLink } from "@/components/skip-link";
  7 | import { ErrorBoundary } from "@/components/error-boundary";

https://nextjs.org/docs/messages/module-not-found

    at <unknown> (https://nextjs.org/docs/messages/module-not-found)
    at getNotFoundError (file:///Users/ithena/Documents/CodeSpace/hackrva/frontend/node_modules/next/dist/build/webpack/plugins/wellknown-errors-plugin/parseNotFoundError.js:124:16)
    at async getModuleBuildError (file:///Users/ithena/Documents/CodeSpace/hackrva/frontend/node_modules/next/dist/build/webpack/plugins/wellknown-errors-plugin/webpackModuleError.js:104:27)
    at async (file:///Users/ithena/Documents/CodeSpace/hackrva/frontend/node_modules/next/dist/build/webpack/plugins/wellknown-errors-plugin/index.js:29:49)
    at async (file:///Users/ithena/Documents/CodeSpace/hackrva/frontend/node_modules/next/dist/build/webpack/plugins/wellknown-errors-plugin/index.js:27:21)
[  256050ms] [ERROR] ./src/app/layout.tsx:4:1
Module not found: Can't resolve 'next-themes'
  2 | import { Inter } from "next/font/google";
  3 | import "./globals.css";
> 4 | import { ThemeProvider } from "next-themes";
    | ^
  5 | import { QueryProvider } from "@/components/query-provider";
  6 | import { SkipLink } from "@/components/skip-link";
  7 | import { ErrorBoundary } from "@/components/error-boundary";

https://nextjs.org/docs/messages/module-not-found @ webpack-internal:///./node_modules/next/dist/client/components/react-dev-overlay/internal/helpers/hydration-error-info.js:62
[  258717ms] [ERROR] Failed to load resource: the server responded with a status of 500 (Internal Server Error) @ http://localhost:3200/_next/static/webpack/5d91898eef6f9d51.webpack.hot-update.json:0
[  258717ms] [WARNING] [Fast Refresh] performing full reload

Fast Refresh will perform a full reload when you edit a file that's imported by modules outside of the React rendering tree.
You might have a file which exports a React component but also exports a value that is imported by a non-React component file.
Consider migrating the non-React component export to a separate file and importing it into both files.

It is also possible the parent component of the component you edited is a class component, which disables Fast Refresh.
Fast Refresh requires at least one parent function component in your React tree. @ webpack-internal:///./node_modules/next/dist/client/components/react-dev-overlay/pages/hot-reloader-client.js:347
[  258810ms] [ERROR] ./src/app/layout.tsx:4:1
Module not found: Can't resolve 'next-themes'
  2 | import { Inter } from "next/font/google";
  3 | import "./globals.css";
> 4 | import { ThemeProvider } from "next-themes";
    | ^
  5 | import { QueryProvider } from "@/components/query-provider";
  6 | import { SkipLink } from "@/components/skip-link";
  7 | import { ErrorBoundary } from "@/components/error-boundary";

https://nextjs.org/docs/messages/module-not-found @ webpack-internal:///./node_modules/next/dist/client/components/react-dev-overlay/internal/helpers/hydration-error-info.js:62
[  258977ms] [ERROR] ./src/app/layout.tsx:4:1
Module not found: Can't resolve 'next-themes'
  2 | import { Inter } from "next/font/google";
  3 | import "./globals.css";
> 4 | import { ThemeProvider } from "next-themes";
    | ^
  5 | import { QueryProvider } from "@/components/query-provider";
  6 | import { SkipLink } from "@/components/skip-link";
  7 | import { ErrorBoundary } from "@/components/error-boundary";

https://nextjs.org/docs/messages/module-not-found @ webpack-internal:///./node_modules/next/dist/client/components/react-dev-overlay/internal/helpers/hydration-error-info.js:62
[  259013ms] [ERROR] Failed to load resource: the server responded with a status of 500 (Internal Server Error) @ http://localhost:3200/staff/report:0
[  259103ms] Error: Module not found: Can't resolve 'next-themes'
  2 | import { Inter } from "next/font/google";
  3 | import "./globals.css";
> 4 | import { ThemeProvider } from "next-themes";
    | ^
  5 | import { QueryProvider } from "@/components/query-provider";
  6 | import { SkipLink } from "@/components/skip-link";
  7 | import { ErrorBoundary } from "@/components/error-boundary";

https://nextjs.org/docs/messages/module-not-found

    at <unknown> (https://nextjs.org/docs/messages/module-not-found)
    at getNotFoundError (file:///Users/ithena/Documents/CodeSpace/hackrva/frontend/node_modules/next/dist/build/webpack/plugins/wellknown-errors-plugin/parseNotFoundError.js:124:16)
    at async getModuleBuildError (file:///Users/ithena/Documents/CodeSpace/hackrva/frontend/node_modules/next/dist/build/webpack/plugins/wellknown-errors-plugin/webpackModuleError.js:104:27)
    at async (file:///Users/ithena/Documents/CodeSpace/hackrva/frontend/node_modules/next/dist/build/webpack/plugins/wellknown-errors-plugin/index.js:29:49)
    at async (file:///Users/ithena/Documents/CodeSpace/hackrva/frontend/node_modules/next/dist/build/webpack/plugins/wellknown-errors-plugin/index.js:27:21)
[  259104ms] [ERROR] ./src/app/layout.tsx:4:1
Module not found: Can't resolve 'next-themes'
  2 | import { Inter } from "next/font/google";
  3 | import "./globals.css";
> 4 | import { ThemeProvider } from "next-themes";
    | ^
  5 | import { QueryProvider } from "@/components/query-provider";
  6 | import { SkipLink } from "@/components/skip-link";
  7 | import { ErrorBoundary } from "@/components/error-boundary";

https://nextjs.org/docs/messages/module-not-found @ webpack-internal:///./node_modules/next/dist/client/components/react-dev-overlay/internal/helpers/hydration-error-info.js:62
[  263319ms] [ERROR] Failed to load resource: the server responded with a status of 500 (Internal Server Error) @ http://localhost:3200/_next/static/webpack/5d91898eef6f9d51.webpack.hot-update.json:0
[  263319ms] [WARNING] [Fast Refresh] performing full reload

Fast Refresh will perform a full reload when you edit a file that's imported by modules outside of the React rendering tree.
You might have a file which exports a React component but also exports a value that is imported by a non-React component file.
Consider migrating the non-React component export to a separate file and importing it into both files.

It is also possible the parent component of the component you edited is a class component, which disables Fast Refresh.
Fast Refresh requires at least one parent function component in your React tree. @ webpack-internal:///./node_modules/next/dist/client/components/react-dev-overlay/pages/hot-reloader-client.js:347
[  263382ms] [ERROR] ./src/components/theme-toggle.tsx:2:1
Module not found: Can't resolve 'next-themes'
  1 | "use client";
> 2 | import { useTheme } from "next-themes";
    | ^
  3 | import { useEffect, useState } from "react";
  4 | import { Button } from "@/components/ui/button";
  5 | import { Moon, Sun } from "lucide-react";

https://nextjs.org/docs/messages/module-not-found

Import trace for requested module:
./src/components/staff-sidebar.tsx @ webpack-internal:///./node_modules/next/dist/client/components/react-dev-overlay/internal/helpers/hydration-error-info.js:62
[  263382ms] [ERROR] ./src/app/layout.tsx:4:1
Module not found: Can't resolve 'next-themes'
  2 | import { Inter } from "next/font/google";
  3 | import "./globals.css";
> 4 | import { ThemeProvider } from "next-themes";
    | ^
  5 | import { QueryProvider } from "@/components/query-provider";
  6 | import { SkipLink } from "@/components/skip-link";
  7 | import { ErrorBoundary } from "@/components/error-boundary";

https://nextjs.org/docs/messages/module-not-found @ webpack-internal:///./node_modules/next/dist/client/components/react-dev-overlay/internal/helpers/hydration-error-info.js:62
[  263471ms] [ERROR] ./src/components/theme-toggle.tsx:2:1
Module not found: Can't resolve 'next-themes'
  1 | "use client";
> 2 | import { useTheme } from "next-themes";
    | ^
  3 | import { useEffect, useState } from "react";
  4 | import { Button } from "@/components/ui/button";
  5 | import { Moon, Sun } from "lucide-react";

https://nextjs.org/docs/messages/module-not-found

Import trace for requested module:
./src/components/staff-sidebar.tsx @ webpack-internal:///./node_modules/next/dist/client/components/react-dev-overlay/internal/helpers/hydration-error-info.js:62
[  263516ms] [ERROR] ./src/components/theme-toggle.tsx:2:1
Module not found: Can't resolve 'next-themes'
  1 | "use client";
> 2 | import { useTheme } from "next-themes";
    | ^
  3 | import { useEffect, useState } from "react";
  4 | import { Button } from "@/components/ui/button";
  5 | import { Moon, Sun } from "lucide-react";

https://nextjs.org/docs/messages/module-not-found

Import trace for requested module:
./src/components/staff-sidebar.tsx @ webpack-internal:///./node_modules/next/dist/client/components/react-dev-overlay/internal/helpers/hydration-error-info.js:62
[  263516ms] [ERROR] ./src/app/layout.tsx:4:1
Module not found: Can't resolve 'next-themes'
  2 | import { Inter } from "next/font/google";
  3 | import "./globals.css";
> 4 | import { ThemeProvider } from "next-themes";
    | ^
  5 | import { QueryProvider } from "@/components/query-provider";
  6 | import { SkipLink } from "@/components/skip-link";
  7 | import { ErrorBoundary } from "@/components/error-boundary";

https://nextjs.org/docs/messages/module-not-found @ webpack-internal:///./node_modules/next/dist/client/components/react-dev-overlay/internal/helpers/hydration-error-info.js:62
[  263522ms] [ERROR] Failed to load resource: the server responded with a status of 500 (Internal Server Error) @ http://localhost:3200/staff/report:0
[  263621ms] Error: Module not found: Can't resolve 'next-themes'
  1 | "use client";
> 2 | import { useTheme } from "next-themes";
    | ^
  3 | import { useEffect, useState } from "react";
  4 | import { Button } from "@/components/ui/button";
  5 | import { Moon, Sun } from "lucide-react";

https://nextjs.org/docs/messages/module-not-found

Import trace for requested module:
./src/components/staff-sidebar.tsx
    at <unknown> (https://nextjs.org/docs/messages/module-not-found)
    at getNotFoundError (file:///Users/ithena/Documents/CodeSpace/hackrva/frontend/node_modules/next/dist/build/webpack/plugins/wellknown-errors-plugin/parseNotFoundError.js:124:16)
    at process.processTicksAndRejections (node:internal/process/task_queues:104:5)
    at async getModuleBuildError (file:///Users/ithena/Documents/CodeSpace/hackrva/frontend/node_modules/next/dist/build/webpack/plugins/wellknown-errors-plugin/webpackModuleError.js:104:27)
    at async (file:///Users/ithena/Documents/CodeSpace/hackrva/frontend/node_modules/next/dist/build/webpack/plugins/wellknown-errors-plugin/index.js:29:49)
    at async (file:///Users/ithena/Documents/CodeSpace/hackrva/frontend/node_modules/next/dist/build/webpack/plugins/wellknown-errors-plugin/index.js:27:21)
[  263620ms] [ERROR] ./src/components/theme-toggle.tsx:2:1
Module not found: Can't resolve 'next-themes'
  1 | "use client";
> 2 | import { useTheme } from "next-themes";
    | ^
  3 | import { useEffect, useState } from "react";
  4 | import { Button } from "@/components/ui/button";
  5 | import { Moon, Sun } from "lucide-react";

https://nextjs.org/docs/messages/module-not-found

Import trace for requested module:
./src/components/staff-sidebar.tsx @ webpack-internal:///./node_modules/next/dist/client/components/react-dev-overlay/internal/helpers/hydration-error-info.js:62
[  263620ms] [ERROR] ./src/app/layout.tsx:4:1
Module not found: Can't resolve 'next-themes'
  2 | import { Inter } from "next/font/google";
  3 | import "./globals.css";
> 4 | import { ThemeProvider } from "next-themes";
    | ^
  5 | import { QueryProvider } from "@/components/query-provider";
  6 | import { SkipLink } from "@/components/skip-link";
  7 | import { ErrorBoundary } from "@/components/error-boundary";

https://nextjs.org/docs/messages/module-not-found @ webpack-internal:///./node_modules/next/dist/client/components/react-dev-overlay/internal/helpers/hydration-error-info.js:62
[  270013ms] [ERROR] ./src/components/theme-toggle.tsx:2:1
Module not found: Can't resolve 'next-themes'
  1 | "use client";
> 2 | import { useTheme } from "next-themes";
    | ^
  3 | import { useEffect, useState } from "react";
  4 | import { Button } from "@/components/ui/button";
  5 | import { Moon, Sun } from "lucide-react";

https://nextjs.org/docs/messages/module-not-found

Import trace for requested module:
./src/components/staff-sidebar.tsx @ webpack-internal:///./node_modules/next/dist/client/components/react-dev-overlay/internal/helpers/hydration-error-info.js:62
[  270067ms] [ERROR] ./src/components/theme-toggle.tsx:2:1
Module not found: Can't resolve 'next-themes'
  1 | "use client";
> 2 | import { useTheme } from "next-themes";
    | ^
  3 | import { useEffect, useState } from "react";
  4 | import { Button } from "@/components/ui/button";
  5 | import { Moon, Sun } from "lucide-react";

https://nextjs.org/docs/messages/module-not-found

Import trace for requested module:
./src/components/staff-sidebar.tsx @ webpack-internal:///./node_modules/next/dist/client/components/react-dev-overlay/internal/helpers/hydration-error-info.js:62
[  270067ms] [ERROR] ./src/app/layout.tsx:4:1
Module not found: Can't resolve 'next-themes'
  2 | import { Inter } from "next/font/google";
  3 | import "./globals.css";
> 4 | import { ThemeProvider } from "next-themes";
    | ^
  5 | import { QueryProvider } from "@/components/query-provider";
  6 | import { SkipLink } from "@/components/skip-link";
  7 | import { ErrorBoundary } from "@/components/error-boundary";

https://nextjs.org/docs/messages/module-not-found @ webpack-internal:///./node_modules/next/dist/client/components/react-dev-overlay/internal/helpers/hydration-error-info.js:62
[  278181ms] [ERROR] ./src/app/staff/contracts/page.tsx:18:1
Module not found: Can't resolve '@/components/skeletons'
  16 | import { ContractDetail } from "@/components/contract-detail";
  17 | import { SmartFilter } from "@/components/smart-filter";
> 18 | import { TableSkeleton } from "@/components/skeletons";
     | ^
  19 | import { useContracts, useDepartments, type Contract } from "@/hooks/use-contracts";
  20 | import { formatCurrency } from "@/lib/utils";
  21 | import { API_BASE } from "@/lib/api";

https://nextjs.org/docs/messages/module-not-found @ webpack-internal:///./node_modules/next/dist/client/components/react-dev-overlay/internal/helpers/hydration-error-info.js:62
[  278181ms] [ERROR] ./src/components/theme-toggle.tsx:2:1
Module not found: Can't resolve 'next-themes'
  1 | "use client";
> 2 | import { useTheme } from "next-themes";
    | ^
  3 | import { useEffect, useState } from "react";
  4 | import { Button } from "@/components/ui/button";
  5 | import { Moon, Sun } from "lucide-react";

https://nextjs.org/docs/messages/module-not-found

Import trace for requested module:
./src/components/staff-sidebar.tsx @ webpack-internal:///./node_modules/next/dist/client/components/react-dev-overlay/internal/helpers/hydration-error-info.js:62
[  278286ms] [ERROR] ./src/app/staff/contracts/page.tsx:18:1
Module not found: Can't resolve '@/components/skeletons'
  16 | import { ContractDetail } from "@/components/contract-detail";
  17 | import { SmartFilter } from "@/components/smart-filter";
> 18 | import { TableSkeleton } from "@/components/skeletons";
     | ^
  19 | import { useContracts, useDepartments, type Contract } from "@/hooks/use-contracts";
  20 | import { formatCurrency } from "@/lib/utils";
  21 | import { API_BASE } from "@/lib/api";

https://nextjs.org/docs/messages/module-not-found @ webpack-internal:///./node_modules/next/dist/client/components/react-dev-overlay/internal/helpers/hydration-error-info.js:62
[  278286ms] [ERROR] ./src/components/theme-toggle.tsx:2:1
Module not found: Can't resolve 'next-themes'
  1 | "use client";
> 2 | import { useTheme } from "next-themes";
    | ^
  3 | import { useEffect, useState } from "react";
  4 | import { Button } from "@/components/ui/button";
  5 | import { Moon, Sun } from "lucide-react";

https://nextjs.org/docs/messages/module-not-found

Import trace for requested module:
./src/components/staff-sidebar.tsx @ webpack-internal:///./node_modules/next/dist/client/components/react-dev-overlay/internal/helpers/hydration-error-info.js:62
[  278337ms] [ERROR] ./src/components/theme-toggle.tsx:2:1
Module not found: Can't resolve 'next-themes'
  1 | "use client";
> 2 | import { useTheme } from "next-themes";
    | ^
  3 | import { useEffect, useState } from "react";
  4 | import { Button } from "@/components/ui/button";
  5 | import { Moon, Sun } from "lucide-react";

https://nextjs.org/docs/messages/module-not-found

Import trace for requested module:
./src/components/staff-sidebar.tsx @ webpack-internal:///./node_modules/next/dist/client/components/react-dev-overlay/internal/helpers/hydration-error-info.js:62
[  278337ms] [ERROR] ./src/app/layout.tsx:4:1
Module not found: Can't resolve 'next-themes'
  2 | import { Inter } from "next/font/google";
  3 | import "./globals.css";
> 4 | import { ThemeProvider } from "next-themes";
    | ^
  5 | import { QueryProvider } from "@/components/query-provider";
  6 | import { SkipLink } from "@/components/skip-link";
  7 | import { ErrorBoundary } from "@/components/error-boundary";

https://nextjs.org/docs/messages/module-not-found @ webpack-internal:///./node_modules/next/dist/client/components/react-dev-overlay/internal/helpers/hydration-error-info.js:62
[  283178ms] [ERROR] ./src/app/staff/contracts/page.tsx:18:1
Module not found: Can't resolve '@/components/skeletons'
  16 | import { ContractDetail } from "@/components/contract-detail";
  17 | import { SmartFilter } from "@/components/smart-filter";
> 18 | import { TableSkeleton } from "@/components/skeletons";
     | ^
  19 | import { useContracts, useDepartments, type Contract } from "@/hooks/use-contracts";
  20 | import { formatCurrency } from "@/lib/utils";
  21 | import { API_BASE } from "@/lib/api";

https://nextjs.org/docs/messages/module-not-found @ webpack-internal:///./node_modules/next/dist/client/components/react-dev-overlay/internal/helpers/hydration-error-info.js:62
[  283178ms] [ERROR] ./src/components/theme-toggle.tsx:2:1
Module not found: Can't resolve 'next-themes'
  1 | "use client";
> 2 | import { useTheme } from "next-themes";
    | ^
  3 | import { useEffect, useState } from "react";
  4 | import { Button } from "@/components/ui/button";
  5 | import { Moon, Sun } from "lucide-react";

https://nextjs.org/docs/messages/module-not-found

Import trace for requested module:
./src/components/staff-sidebar.tsx @ webpack-internal:///./node_modules/next/dist/client/components/react-dev-overlay/internal/helpers/hydration-error-info.js:62
[  283233ms] [ERROR] ./src/components/theme-toggle.tsx:2:1
Module not found: Can't resolve 'next-themes'
  1 | "use client";
> 2 | import { useTheme } from "next-themes";
    | ^
  3 | import { useEffect, useState } from "react";
  4 | import { Button } from "@/components/ui/button";
  5 | import { Moon, Sun } from "lucide-react";

https://nextjs.org/docs/messages/module-not-found

Import trace for requested module:
./src/components/staff-sidebar.tsx @ webpack-internal:///./node_modules/next/dist/client/components/react-dev-overlay/internal/helpers/hydration-error-info.js:62
[  283233ms] [ERROR] ./src/app/layout.tsx:4:1
Module not found: Can't resolve 'next-themes'
  2 | import { Inter } from "next/font/google";
  3 | import "./globals.css";
> 4 | import { ThemeProvider } from "next-themes";
    | ^
  5 | import { QueryProvider } from "@/components/query-provider";
  6 | import { SkipLink } from "@/components/skip-link";
  7 | import { ErrorBoundary } from "@/components/error-boundary";

https://nextjs.org/docs/messages/module-not-found @ webpack-internal:///./node_modules/next/dist/client/components/react-dev-overlay/internal/helpers/hydration-error-info.js:62
[  285634ms] [ERROR] ./src/app/staff/contracts/page.tsx:18:1
Module not found: Can't resolve '@/components/skeletons'
  16 | import { ContractDetail } from "@/components/contract-detail";
  17 | import { SmartFilter } from "@/components/smart-filter";
> 18 | import { TableSkeleton } from "@/components/skeletons";
     | ^
  19 | import { useContracts, useDepartments, type Contract } from "@/hooks/use-contracts";
  20 | import { formatCurrency } from "@/lib/utils";
  21 | import { API_BASE } from "@/lib/api";

https://nextjs.org/docs/messages/module-not-found @ webpack-internal:///./node_modules/next/dist/client/components/react-dev-overlay/internal/helpers/hydration-error-info.js:62
[  285634ms] [ERROR] ./src/components/theme-toggle.tsx:2:1
Module not found: Can't resolve 'next-themes'
  1 | "use client";
> 2 | import { useTheme } from "next-themes";
    | ^
  3 | import { useEffect, useState } from "react";
  4 | import { Button } from "@/components/ui/button";
  5 | import { Moon, Sun } from "lucide-react";

https://nextjs.org/docs/messages/module-not-found

Import trace for requested module:
./src/components/staff-sidebar.tsx @ webpack-internal:///./node_modules/next/dist/client/components/react-dev-overlay/internal/helpers/hydration-error-info.js:62
[  285809ms] [ERROR] ./src/components/theme-toggle.tsx:2:1
Module not found: Can't resolve 'next-themes'
  1 | "use client";
> 2 | import { useTheme } from "next-themes";
    | ^
  3 | import { useEffect, useState } from "react";
  4 | import { Button } from "@/components/ui/button";
  5 | import { Moon, Sun } from "lucide-react";

https://nextjs.org/docs/messages/module-not-found

Import trace for requested module:
./src/components/staff-sidebar.tsx @ webpack-internal:///./node_modules/next/dist/client/components/react-dev-overlay/internal/helpers/hydration-error-info.js:62
[  285809ms] [ERROR] ./src/app/layout.tsx:4:1
Module not found: Can't resolve 'next-themes'
  2 | import { Inter } from "next/font/google";
  3 | import "./globals.css";
> 4 | import { ThemeProvider } from "next-themes";
    | ^
  5 | import { QueryProvider } from "@/components/query-provider";
  6 | import { SkipLink } from "@/components/skip-link";
  7 | import { ErrorBoundary } from "@/components/error-boundary";

https://nextjs.org/docs/messages/module-not-found @ webpack-internal:///./node_modules/next/dist/client/components/react-dev-overlay/internal/helpers/hydration-error-info.js:62
[  289492ms] [ERROR] ./src/app/staff/contracts/page.tsx:18:1
Module not found: Can't resolve '@/components/skeletons'
  16 | import { ContractDetail } from "@/components/contract-detail";
  17 | import { SmartFilter } from "@/components/smart-filter";
> 18 | import { TableSkeleton } from "@/components/skeletons";
     | ^
  19 | import { useContracts, useDepartments, type Contract } from "@/hooks/use-contracts";
  20 | import { formatCurrency } from "@/lib/utils";
  21 | import { API_BASE } from "@/lib/api";

https://nextjs.org/docs/messages/module-not-found @ webpack-internal:///./node_modules/next/dist/client/components/react-dev-overlay/internal/helpers/hydration-error-info.js:62
[  289492ms] [ERROR] ./src/components/theme-toggle.tsx:2:1
Module not found: Can't resolve 'next-themes'
  1 | "use client";
> 2 | import { useTheme } from "next-themes";
    | ^
  3 | import { useEffect, useState } from "react";
  4 | import { Button } from "@/components/ui/button";
  5 | import { Moon, Sun } from "lucide-react";

https://nextjs.org/docs/messages/module-not-found

Import trace for requested module:
./src/components/staff-sidebar.tsx @ webpack-internal:///./node_modules/next/dist/client/components/react-dev-overlay/internal/helpers/hydration-error-info.js:62
[  289547ms] [ERROR] ./src/components/theme-toggle.tsx:2:1
Module not found: Can't resolve 'next-themes'
  1 | "use client";
> 2 | import { useTheme } from "next-themes";
    | ^
  3 | import { useEffect, useState } from "react";
  4 | import { Button } from "@/components/ui/button";
  5 | import { Moon, Sun } from "lucide-react";

https://nextjs.org/docs/messages/module-not-found

Import trace for requested module:
./src/components/staff-sidebar.tsx @ webpack-internal:///./node_modules/next/dist/client/components/react-dev-overlay/internal/helpers/hydration-error-info.js:62
[  289547ms] [ERROR] ./src/app/layout.tsx:4:1
Module not found: Can't resolve 'next-themes'
  2 | import { Inter } from "next/font/google";
  3 | import "./globals.css";
> 4 | import { ThemeProvider } from "next-themes";
    | ^
  5 | import { QueryProvider } from "@/components/query-provider";
  6 | import { SkipLink } from "@/components/skip-link";
  7 | import { ErrorBoundary } from "@/components/error-boundary";

https://nextjs.org/docs/messages/module-not-found @ webpack-internal:///./node_modules/next/dist/client/components/react-dev-overlay/internal/helpers/hydration-error-info.js:62
[  296918ms] [ERROR] ./src/app/staff/contracts/page.tsx:18:1
Module not found: Can't resolve '@/components/skeletons'
  16 | import { ContractDetail } from "@/components/contract-detail";
  17 | import { SmartFilter } from "@/components/smart-filter";
> 18 | import { TableSkeleton } from "@/components/skeletons";
     | ^
  19 | import { useContracts, useDepartments, type Contract } from "@/hooks/use-contracts";
  20 | import { formatCurrency } from "@/lib/utils";
  21 | import { API_BASE } from "@/lib/api";

https://nextjs.org/docs/messages/module-not-found @ webpack-internal:///./node_modules/next/dist/client/components/react-dev-overlay/internal/helpers/hydration-error-info.js:62
[  296918ms] [ERROR] ./src/components/theme-toggle.tsx:2:1
Module not found: Can't resolve 'next-themes'
  1 | "use client";
> 2 | import { useTheme } from "next-themes";
    | ^
  3 | import { useEffect, useState } from "react";
  4 | import { Button } from "@/components/ui/button";
  5 | import { Moon, Sun } from "lucide-react";

https://nextjs.org/docs/messages/module-not-found

Import trace for requested module:
./src/components/staff-sidebar.tsx @ webpack-internal:///./node_modules/next/dist/client/components/react-dev-overlay/internal/helpers/hydration-error-info.js:62
[  297004ms] [ERROR] ./src/app/staff/contracts/page.tsx:18:1
Module not found: Can't resolve '@/components/skeletons'
  16 | import { ContractDetail } from "@/components/contract-detail";
  17 | import { SmartFilter } from "@/components/smart-filter";
> 18 | import { TableSkeleton } from "@/components/skeletons";
     | ^
  19 | import { useContracts, useDepartments, type Contract } from "@/hooks/use-contracts";
  20 | import { formatCurrency } from "@/lib/utils";
  21 | import { API_BASE } from "@/lib/api";

https://nextjs.org/docs/messages/module-not-found @ webpack-internal:///./node_modules/next/dist/client/components/react-dev-overlay/internal/helpers/hydration-error-info.js:62
[  297004ms] [ERROR] ./src/components/theme-toggle.tsx:2:1
Module not found: Can't resolve 'next-themes'
  1 | "use client";
> 2 | import { useTheme } from "next-themes";
    | ^
  3 | import { useEffect, useState } from "react";
  4 | import { Button } from "@/components/ui/button";
  5 | import { Moon, Sun } from "lucide-react";

https://nextjs.org/docs/messages/module-not-found

Import trace for requested module:
./src/components/staff-sidebar.tsx @ webpack-internal:///./node_modules/next/dist/client/components/react-dev-overlay/internal/helpers/hydration-error-info.js:62
[  297058ms] [ERROR] ./src/components/theme-toggle.tsx:2:1
Module not found: Can't resolve 'next-themes'
  1 | "use client";
> 2 | import { useTheme } from "next-themes";
    | ^
  3 | import { useEffect, useState } from "react";
  4 | import { Button } from "@/components/ui/button";
  5 | import { Moon, Sun } from "lucide-react";

https://nextjs.org/docs/messages/module-not-found

Import trace for requested module:
./src/components/staff-sidebar.tsx @ webpack-internal:///./node_modules/next/dist/client/components/react-dev-overlay/internal/helpers/hydration-error-info.js:62
[  297058ms] [ERROR] ./src/app/layout.tsx:4:1
Module not found: Can't resolve 'next-themes'
  2 | import { Inter } from "next/font/google";
  3 | import "./globals.css";
> 4 | import { ThemeProvider } from "next-themes";
    | ^
  5 | import { QueryProvider } from "@/components/query-provider";
  6 | import { SkipLink } from "@/components/skip-link";
  7 | import { ErrorBoundary } from "@/components/error-boundary";

https://nextjs.org/docs/messages/module-not-found @ webpack-internal:///./node_modules/next/dist/client/components/react-dev-overlay/internal/helpers/hydration-error-info.js:62
[  301709ms] [ERROR] ./src/app/staff/contracts/page.tsx:18:1
Module not found: Can't resolve '@/components/skeletons'
  16 | import { ContractDetail } from "@/components/contract-detail";
  17 | import { SmartFilter } from "@/components/smart-filter";
> 18 | import { TableSkeleton } from "@/components/skeletons";
     | ^
  19 | import { useContracts, useDepartments, type Contract } from "@/hooks/use-contracts";
  20 | import { formatCurrency } from "@/lib/utils";
  21 | import { API_BASE } from "@/lib/api";

https://nextjs.org/docs/messages/module-not-found @ webpack-internal:///./node_modules/next/dist/client/components/react-dev-overlay/internal/helpers/hydration-error-info.js:62
[  301709ms] [ERROR] ./src/components/theme-toggle.tsx:2:1
Module not found: Can't resolve 'next-themes'
  1 | "use client";
> 2 | import { useTheme } from "next-themes";
    | ^
  3 | import { useEffect, useState } from "react";
  4 | import { Button } from "@/components/ui/button";
  5 | import { Moon, Sun } from "lucide-react";

https://nextjs.org/docs/messages/module-not-found

Import trace for requested module:
./src/components/staff-sidebar.tsx @ webpack-internal:///./node_modules/next/dist/client/components/react-dev-overlay/internal/helpers/hydration-error-info.js:62
[  301763ms] [ERROR] ./src/components/theme-toggle.tsx:2:1
Module not found: Can't resolve 'next-themes'
  1 | "use client";
> 2 | import { useTheme } from "next-themes";
    | ^
  3 | import { useEffect, useState } from "react";
  4 | import { Button } from "@/components/ui/button";
  5 | import { Moon, Sun } from "lucide-react";

https://nextjs.org/docs/messages/module-not-found

Import trace for requested module:
./src/components/staff-sidebar.tsx @ webpack-internal:///./node_modules/next/dist/client/components/react-dev-overlay/internal/helpers/hydration-error-info.js:62
[  301763ms] [ERROR] ./src/app/layout.tsx:4:1
Module not found: Can't resolve 'next-themes'
  2 | import { Inter } from "next/font/google";
  3 | import "./globals.css";
> 4 | import { ThemeProvider } from "next-themes";
    | ^
  5 | import { QueryProvider } from "@/components/query-provider";
  6 | import { SkipLink } from "@/components/skip-link";
  7 | import { ErrorBoundary } from "@/components/error-boundary";

https://nextjs.org/docs/messages/module-not-found @ webpack-internal:///./node_modules/next/dist/client/components/react-dev-overlay/internal/helpers/hydration-error-info.js:62
[  333141ms] [ERROR] ./src/components/theme-toggle.tsx:2:1
Module not found: Can't resolve 'next-themes'
  1 | "use client";
> 2 | import { useTheme } from "next-themes";
    | ^
  3 | import { useEffect, useState } from "react";
  4 | import { Button } from "@/components/ui/button";
  5 | import { Moon, Sun } from "lucide-react";

https://nextjs.org/docs/messages/module-not-found

Import trace for requested module:
./src/components/staff-sidebar.tsx @ webpack-internal:///./node_modules/next/dist/client/components/react-dev-overlay/internal/helpers/hydration-error-info.js:62
[  333397ms] [ERROR] ./src/components/theme-toggle.tsx:2:1
Module not found: Can't resolve 'next-themes'
  1 | "use client";
> 2 | import { useTheme } from "next-themes";
    | ^
  3 | import { useEffect, useState } from "react";
  4 | import { Button } from "@/components/ui/button";
  5 | import { Moon, Sun } from "lucide-react";

https://nextjs.org/docs/messages/module-not-found

Import trace for requested module:
./src/components/staff-sidebar.tsx @ webpack-internal:///./node_modules/next/dist/client/components/react-dev-overlay/internal/helpers/hydration-error-info.js:62
[  333439ms] [ERROR] ./src/components/theme-toggle.tsx:2:1
Module not found: Can't resolve 'next-themes'
  1 | "use client";
> 2 | import { useTheme } from "next-themes";
    | ^
  3 | import { useEffect, useState } from "react";
  4 | import { Button } from "@/components/ui/button";
  5 | import { Moon, Sun } from "lucide-react";

https://nextjs.org/docs/messages/module-not-found

Import trace for requested module:
./src/components/staff-sidebar.tsx @ webpack-internal:///./node_modules/next/dist/client/components/react-dev-overlay/internal/helpers/hydration-error-info.js:62
[  333440ms] [ERROR] ./src/app/layout.tsx:4:1
Module not found: Can't resolve 'next-themes'
  2 | import { Inter } from "next/font/google";
  3 | import "./globals.css";
> 4 | import { ThemeProvider } from "next-themes";
    | ^
  5 | import { QueryProvider } from "@/components/query-provider";
  6 | import { SkipLink } from "@/components/skip-link";
  7 | import { ErrorBoundary } from "@/components/error-boundary";

https://nextjs.org/docs/messages/module-not-found @ webpack-internal:///./node_modules/next/dist/client/components/react-dev-overlay/internal/helpers/hydration-error-info.js:62
[  383691ms] [ERROR] ./src/components/theme-toggle.tsx:2:1
Module not found: Can't resolve 'next-themes'
  1 | "use client";
> 2 | import { useTheme } from "next-themes";
    | ^
  3 | import { useEffect, useState } from "react";
  4 | import { Button } from "@/components/ui/button";
  5 | import { Moon, Sun } from "lucide-react";

https://nextjs.org/docs/messages/module-not-found

Import trace for requested module:
./src/components/staff-sidebar.tsx @ webpack-internal:///./node_modules/next/dist/client/components/react-dev-overlay/internal/helpers/hydration-error-info.js:62
[  384146ms] [ERROR] Failed to load resource: the server responded with a status of 404 (Not Found) @ http://localhost:3200/_next/static/webpack/5d91898eef6f9d51.webpack.hot-update.json:0
[  384147ms] [WARNING] [Fast Refresh] performing full reload because your application had an unrecoverable error @ webpack-internal:///./node_modules/next/dist/client/components/react-dev-overlay/pages/hot-reloader-client.js:349
[  384437ms] [ERROR] Warning: Prop `%s` did not match. Server: %s Client: %s%s className "__variable_f367f3 light" "__variable_f367f3" 
    at html
    at RootLayout (Server)
    at RedirectErrorBoundary (webpack-internal:///(app-pages-browser)/./node_modules/next/dist/client/components/redirect-boundary.js:74:9)
    at RedirectBoundary (webpack-internal:///(app-pages-browser)/./node_modules/next/dist/client/components/redirect-boundary.js:82:11)
    at NotFoundErrorBoundary (webpack-internal:///(app-pages-browser)/./node_modules/next/dist/client/components/not-found-boundary.js:76:9)
    at NotFoundBoundary (webpack-internal:///(app-pages-browser)/./node_modules/next/dist/client/components/not-found-boundary.js:84:11)
    at DevRootNotFoundBoundary (webpack-internal:///(app-pages-browser)/./node_modules/next/dist/client/components/dev-root-not-found-boundary.js:33:11)
    at ReactDevOverlay (webpack-internal:///(app-pages-browser)/./node_modules/next/dist/client/components/react-dev-overlay/app/ReactDevOverlay.js:87:9)
    at HotReload (webpack-internal:///(app-pages-browser)/./node_modules/next/dist/client/components/react-dev-overlay/app/hot-reloader-client.js:321:11)
    at Router (webpack-internal:///(app-pages-browser)/./node_modules/next/dist/client/components/app-router.js:207:11)
    at ErrorBoundaryHandler (webpack-internal:///(app-pages-browser)/./node_modules/next/dist/client/components/error-boundary.js:113:9)
    at ErrorBoundary (webpack-internal:///(app-pages-browser)/./node_modules/next/dist/client/components/error-boundary.js:160:11)
    at AppRouter (webpack-internal:///(app-pages-browser)/./node_modules/next/dist/client/components/app-router.js:585:13)
    at ServerRoot (webpack-internal:///(app-pages-browser)/./node_modules/next/dist/client/app-index.js:112:27)
    at Root (webpack-internal:///(app-pages-browser)/./node_modules/next/dist/client/app-index.js:117:11) @ webpack-internal:///(app-pages-browser)/./node_modules/next/dist/client/app-index.js:32
[  426886ms] [ERROR] Failed to load resource: the server responded with a status of 404 (Not Found) @ http://localhost:3200/_next/static/css/app/layout.css?v=1774647280629:0
[  426919ms] Event
